<?xml version="1.0" encoding="UTF-8"?>
<!-- Generated by org.testng.reporters.JUnitReportReporter -->
<testsuite hostname="LAPTOP-70QH0DDK" failures="0" tests="2" name="com.Flipkart.PWCTestCase.Iphone13PriceTest" time="765.443" errors="1" timestamp="2022-04-12T11:58:28 IST" skipped="1">
  <testcase classname="com.Flipkart.PWCTestCase.Iphone13PriceTest" name="iphone13Pricecheck" time="0.000">
    <skipped/>
  </testcase> <!-- iphone13Pricecheck -->
  <system-out/>
  <testcase classname="com.Flipkart.PWCTestCase.Iphone13PriceTest" name="setup" time="765.443">
    <error message="session not created: This version of Microsoft Edge WebDriver only supports Microsoft Edge version 102
Current browser version is 100.0.1185.36 with binary path C:\Program Files (x86)\Microsoft\Edge\Application\msedge.exe
Build info: version: &#039;3.141.59&#039;, revision: &#039;e82be7d358&#039;, time: &#039;2018-11-14T08:17:03&#039;
System info: host: &#039;LAPTOP-70QH0DDK&#039;, ip: &#039;192.168.125.91&#039;, os.name: &#039;Windows 10&#039;, os.arch: &#039;amd64&#039;, os.version: &#039;10.0&#039;, java.version: &#039;16.0.2&#039;
Driver info: driver.version: EdgeDriver
remote stacktrace: Backtrace:
	Microsoft::Applications::Events::EventProperties::unpack [0x00007FF6835CB442+21842]
	Microsoft::Applications::Events::time_ticks_t::operator= [0x00007FF68353DF42+414850]
	Ordinal0 [0x00007FF682EA30F5+667893]
	Ordinal0 [0x00007FF682ECDE38+843320]
	Ordinal0 [0x00007FF682EC9344+824132]
	Ordinal0 [0x00007FF682EC4C6E+805998]
	Ordinal0 [0x00007FF682EFF5F6+1046006]
	Ordinal0 [0x00007FF682EF94B3+1021107]
	Ordinal0 [0x00007FF682ED0467+853095]
	Ordinal0 [0x00007FF682ED1938+858424]
	Microsoft::Applications::Events::EventProperty::EventProperty [0x00007FF6833A31D8+89576]
	Microsoft::Applications::Events::FromLogConfiguration [0x00007FF683152199+75561]
	Microsoft::Applications::Events::FromLogConfiguration [0x00007FF683151E6A+74746]
	Microsoft::Applications::Events::FromLogConfiguration [0x00007FF6831547FC+85388]
	Microsoft::Applications::Events::FromLogConfiguration [0x00007FF683152866+77302]
	Ordinal0 [0x00007FF682FE1BDC+1973212]
	Microsoft::Applications::Events::time_ticks_t::operator= [0x00007FF683546714+449620]
	Microsoft::Applications::Events::time_ticks_t::operator= [0x00007FF68354686D+449965]
	Ordinal0 [0x00007FF682FF1462+2036834]
	BaseThreadInitThunk [0x00007FFD517B54E0+16]
	RtlUserThreadStart [0x00007FFD5378485B+43]
" type="org.openqa.selenium.SessionNotCreatedException">
      <![CDATA[org.openqa.selenium.SessionNotCreatedException: session not created: This version of Microsoft Edge WebDriver only supports Microsoft Edge version 102
Current browser version is 100.0.1185.36 with binary path C:\Program Files (x86)\Microsoft\Edge\Application\msedge.exe
Build info: version: '3.141.59', revision: 'e82be7d358', time: '2018-11-14T08:17:03'
System info: host: 'LAPTOP-70QH0DDK', ip: '192.168.125.91', os.name: 'Windows 10', os.arch: 'amd64', os.version: '10.0', java.version: '16.0.2'
Driver info: driver.version: EdgeDriver
remote stacktrace: Backtrace:
Microsoft::Applications::Events::EventProperties::unpack [0x00007FF6835CB442+21842]
Microsoft::Applications::Events::time_ticks_t::operator= [0x00007FF68353DF42+414850]
Ordinal0 [0x00007FF682EA30F5+667893]
Ordinal0 [0x00007FF682ECDE38+843320]
Ordinal0 [0x00007FF682EC9344+824132]
Ordinal0 [0x00007FF682EC4C6E+805998]
Ordinal0 [0x00007FF682EFF5F6+1046006]
Ordinal0 [0x00007FF682EF94B3+1021107]
Ordinal0 [0x00007FF682ED0467+853095]
Ordinal0 [0x00007FF682ED1938+858424]
Microsoft::Applications::Events::EventProperty::EventProperty [0x00007FF6833A31D8+89576]
Microsoft::Applications::Events::FromLogConfiguration [0x00007FF683152199+75561]
Microsoft::Applications::Events::FromLogConfiguration [0x00007FF683151E6A+74746]
Microsoft::Applications::Events::FromLogConfiguration [0x00007FF6831547FC+85388]
Microsoft::Applications::Events::FromLogConfiguration [0x00007FF683152866+77302]
Ordinal0 [0x00007FF682FE1BDC+1973212]
Microsoft::Applications::Events::time_ticks_t::operator= [0x00007FF683546714+449620]
Microsoft::Applications::Events::time_ticks_t::operator= [0x00007FF68354686D+449965]
Ordinal0 [0x00007FF682FF1462+2036834]
BaseThreadInitThunk [0x00007FFD517B54E0+16]
RtlUserThreadStart [0x00007FFD5378485B+43]

at java.base/jdk.internal.reflect.NativeConstructorAccessorImpl.newInstance0(Native Method)
at java.base/jdk.internal.reflect.NativeConstructorAccessorImpl.newInstance(NativeConstructorAccessorImpl.java:78)
at java.base/jdk.internal.reflect.DelegatingConstructorAccessorImpl.newInstance(DelegatingConstructorAccessorImpl.java:45)
at java.base/java.lang.reflect.Constructor.newInstanceWithCaller(Constructor.java:499)
at java.base/java.lang.reflect.Constructor.newInstance(Constructor.java:480)
at org.openqa.selenium.remote.W3CHandshakeResponse.lambda$errorHandler$0(W3CHandshakeResponse.java:62)
at org.openqa.selenium.remote.HandshakeResponse.lambda$getResponseFunction$0(HandshakeResponse.java:30)
at org.openqa.selenium.remote.ProtocolHandshake.lambda$createSession$0(ProtocolHandshake.java:126)
at java.base/java.util.stream.ReferencePipeline$3$1.accept(ReferencePipeline.java:197)
at java.base/java.util.Spliterators$ArraySpliterator.tryAdvance(Spliterators.java:958)
at java.base/java.util.stream.ReferencePipeline.forEachWithCancel(ReferencePipeline.java:129)
at java.base/java.util.stream.AbstractPipeline.copyIntoWithCancel(AbstractPipeline.java:502)
at java.base/java.util.stream.AbstractPipeline.copyInto(AbstractPipeline.java:488)
at java.base/java.util.stream.AbstractPipeline.wrapAndCopyInto(AbstractPipeline.java:474)
at java.base/java.util.stream.FindOps$FindOp.evaluateSequential(FindOps.java:150)
at java.base/java.util.stream.AbstractPipeline.evaluate(AbstractPipeline.java:234)
at java.base/java.util.stream.ReferencePipeline.findFirst(ReferencePipeline.java:647)
at org.openqa.selenium.remote.ProtocolHandshake.createSession(ProtocolHandshake.java:128)
at org.openqa.selenium.remote.ProtocolHandshake.createSession(ProtocolHandshake.java:74)
at org.openqa.selenium.remote.HttpCommandExecutor.execute(HttpCommandExecutor.java:136)
at org.openqa.selenium.remote.service.DriverCommandExecutor.execute(DriverCommandExecutor.java:83)
at org.openqa.selenium.remote.RemoteWebDriver.execute(RemoteWebDriver.java:552)
at org.openqa.selenium.remote.RemoteWebDriver.startSession(RemoteWebDriver.java:213)
at org.openqa.selenium.remote.RemoteWebDriver.<init>(RemoteWebDriver.java:131)
at org.openqa.selenium.edge.EdgeDriver.<init>(EdgeDriver.java:141)
at org.openqa.selenium.edge.EdgeDriver.<init>(EdgeDriver.java:96)
at com.Flipkart.BasePage.Basepage.initialization(Basepage.java:51)
at com.Flipkart.PWCTestCase.Iphone13PriceTest.setup(Iphone13PriceTest.java:26)
at java.base/jdk.internal.reflect.NativeMethodAccessorImpl.invoke0(Native Method)
at java.base/jdk.internal.reflect.NativeMethodAccessorImpl.invoke(NativeMethodAccessorImpl.java:78)
at java.base/jdk.internal.reflect.DelegatingMethodAccessorImpl.invoke(DelegatingMethodAccessorImpl.java:43)
at java.base/java.lang.reflect.Method.invoke(Method.java:567)
at org.testng.internal.MethodInvocationHelper.invokeMethod(MethodInvocationHelper.java:133)
at org.testng.internal.MethodInvocationHelper.invokeMethodConsideringTimeout(MethodInvocationHelper.java:62)
at org.testng.internal.ConfigInvoker.invokeConfigurationMethod(ConfigInvoker.java:385)
at org.testng.internal.ConfigInvoker.invokeConfigurations(ConfigInvoker.java:321)
at org.testng.internal.TestInvoker.runConfigMethods(TestInvoker.java:700)
at org.testng.internal.TestInvoker.invokeMethod(TestInvoker.java:527)
at org.testng.internal.TestInvoker.invokeTestMethod(TestInvoker.java:173)
at org.testng.internal.MethodRunner.runInSequence(MethodRunner.java:46)
at org.testng.internal.TestInvoker$MethodInvocationAgent.invoke(TestInvoker.java:824)
at org.testng.internal.TestInvoker.invokeTestMethods(TestInvoker.java:146)
at org.testng.internal.TestMethodWorker.invokeTestMethods(TestMethodWorker.java:146)
at org.testng.internal.TestMethodWorker.run(TestMethodWorker.java:128)
at java.base/java.util.ArrayList.forEach(ArrayList.java:1511)
at org.testng.TestRunner.privateRun(TestRunner.java:794)
at org.testng.TestRunner.run(TestRunner.java:596)
at org.testng.SuiteRunner.runTest(SuiteRunner.java:377)
at org.testng.SuiteRunner.runSequentially(SuiteRunner.java:371)
at org.testng.SuiteRunner.privateRun(SuiteRunner.java:332)
at org.testng.SuiteRunner.run(SuiteRunner.java:276)
at org.testng.SuiteRunnerWorker.runSuite(SuiteRunnerWorker.java:53)
at org.testng.SuiteRunnerWorker.run(SuiteRunnerWorker.java:96)
at org.testng.TestNG.runSuitesSequentially(TestNG.java:1212)
at org.testng.TestNG.runSuitesLocally(TestNG.java:1134)
at org.testng.TestNG.runSuites(TestNG.java:1063)
at org.testng.TestNG.run(TestNG.java:1031)
at org.testng.remote.AbstractRemoteTestNG.run(AbstractRemoteTestNG.java:115)
at org.testng.remote.RemoteTestNG.initAndRun(RemoteTestNG.java:251)
at org.testng.remote.RemoteTestNG.main(RemoteTestNG.java:77)
]]>
    </error>
  </testcase> <!-- setup -->
  <system-out/>
</testsuite> <!-- com.Flipkart.PWCTestCase.Iphone13PriceTest -->
